Using pre-set license
Built from '2020.3/china_unity/release' branch; Version is '2020.3.4f1c1 (3d27070cb163) revision 4007687'; Using compiler version '192528614'; Build Type 'Release'
OS: 'Windows 10 Pro; OS build 19041.985; Version 2004; 64bit' Language: 'zh' Physical Memory: 16267 MB
BatchMode: 1, IsHumanControllingUs: 0, StartBugReporterOnCrash: 0, Is64bit: 1, IsPro: 0

 COMMAND LINE ARGUMENTS:
D:\software\2020.3.4f1c1\Editor\Unity.exe
-adb2
-batchMode
-noUpm
-name
AssetImportWorker0
-projectPath
E:/unity/zhouheng/TD
-logFile
Logs/AssetImportWorker0.log
-srvPort
49995
Successfully changed project path to: E:/unity/zhouheng/TD
E:/unity/zhouheng/TD
Using Asset Import Pipeline V2.
Refreshing native plugins compatible for Editor in 65.35 ms, found 1 plugins.
Preloading 0 native plugins for Editor in 0.00 ms.
Initialize engine version: 2020.3.4f1c1 (3d27070cb163)
[Subsystems] Discovering subsystems at path D:/software/2020.3.4f1c1/Editor/Data/Resources/UnitySubsystems
[Subsystems] Discovering subsystems at path E:/unity/zhouheng/TD/Assets
GfxDevice: creating device client; threaded=0
Direct3D:
    Version:  Direct3D 11.0 [level 11.1]
    Renderer: Intel(R) HD Graphics 4600 (ID=0x412)
    Vendor:   
    VRAM:     2048 MB
    Driver:   20.19.15.4624
Initialize mono
Mono path[0] = 'D:/software/2020.3.4f1c1/Editor/Data/Managed'
Mono path[1] = 'D:/software/2020.3.4f1c1/Editor/Data/MonoBleedingEdge/lib/mono/unityjit'
Mono config path = 'D:/software/2020.3.4f1c1/Editor/Data/MonoBleedingEdge/etc'
Using monoOptions --debugger-agent=transport=dt_socket,embedding=1,server=y,suspend=n,address=127.0.0.1:56076
Begin MonoManager ReloadAssembly
Registering precompiled unity dll's ...
Register platform support module: D:/software/2020.3.4f1c1/Editor/Data/PlaybackEngines/WindowsStandaloneSupport/UnityEditor.WindowsStandalone.Extensions.dll
Registered in 0.001407 seconds.
Native extension for WindowsStandalone target not found
Refreshing native plugins compatible for Editor in 63.07 ms, found 1 plugins.
Preloading 0 native plugins for Editor in 0.00 ms.
Mono: successfully reloaded assembly
- Completed reload, in  2.505 seconds
Platform modules already initialized, skipping
Registering precompiled user dll's ...
Registered in 0.001195 seconds.
Begin MonoManager ReloadAssembly
Native extension for WindowsStandalone target not found
Refreshing native plugins compatible for Editor in 48.02 ms, found 1 plugins.
Preloading 0 native plugins for Editor in 0.00 ms.
Mono: successfully reloaded assembly
- Completed reload, in  1.226 seconds
Platform modules already initialized, skipping
========================================================================
Worker process is ready to serve import requests
Launched and connected shader compiler UnityShaderCompiler.exe after 0.08 seconds
Refreshing native plugins compatible for Editor in 0.51 ms, found 1 plugins.
Preloading 0 native plugins for Editor in 0.00 ms.
Unloading 1862 Unused Serialized files (Serialized files now loaded: 0)
System memory in use before: 88.8 MB.
System memory in use after: 88.9 MB.

Unloading 19 unused Assets to reduce memory usage. Loaded Objects now: 2311.
Total: 3.265600 ms (FindLiveObjects: 0.290900 ms CreateObjectMapping: 0.185200 ms MarkObjects: 2.460900 ms  DeleteObjects: 0.326600 ms)

========================================================================
Received Import Request.
  path: Assets/TD2D/Scripts/Towers/Tower.cs
  artifactKey: Guid(ba33cca33c8d878418c27b60fc74df69) Importer(815301076,1909f56bfc062723c751e8b465ee728b)
Start importing Assets/TD2D/Scripts/Towers/Tower.cs using Guid(ba33cca33c8d878418c27b60fc74df69) Importer(815301076,1909f56bfc062723c751e8b465ee728b)  -> (artifact id: '9cc6d0b69bb4c912ff49af39cca0b732') in 0.040767 seconds
  Import took 0.044786 seconds .

========================================================================
Received Prepare
Registering precompiled user dll's ...
Registered in 0.001179 seconds.
Begin MonoManager ReloadAssembly
Native extension for WindowsStandalone target not found
Refreshing native plugins compatible for Editor in 0.48 ms, found 1 plugins.
Preloading 0 native plugins for Editor in 0.00 ms.
Mono: successfully reloaded assembly
- Completed reload, in  1.110 seconds
Platform modules already initialized, skipping
Switching build target platform(5) subTarget(0) extendedPlatform(0) -> platform(13) subTarget(537395200) extendedPlatform(0)
Refreshing native plugins compatible for Editor in 0.74 ms, found 1 plugins.
Preloading 0 native plugins for Editor in 0.00 ms.
Unloading 1855 Unused Serialized files (Serialized files now loaded: 0)
System memory in use before: 88.2 MB.
System memory in use after: 88.3 MB.

Unloading 7 unused Assets to reduce memory usage. Loaded Objects now: 2315.
Total: 3.365000 ms (FindLiveObjects: 0.302900 ms CreateObjectMapping: 0.196900 ms MarkObjects: 2.838100 ms  DeleteObjects: 0.025100 ms)

AssetImportParameters requested are different than current active one (requested -> active):
  custom:graphics/normal-map-encoding: 01000000000000000000000000000000 -> 02000000000000000000000000000000
========================================================================
Received Prepare
Registering precompiled user dll's ...
Registered in 0.001231 seconds.
Begin MonoManager ReloadAssembly
Native extension for WindowsStandalone target not found
Refreshing native plugins compatible for Editor in 0.48 ms, found 1 plugins.
Preloading 0 native plugins for Editor in 0.00 ms.
Mono: successfully reloaded assembly
- Completed reload, in  1.112 seconds
Platform modules already initialized, skipping
Switching build target platform(5) subTarget(0) extendedPlatform(0) -> platform(13) subTarget(537395200) extendedPlatform(0)
Refreshing native plugins compatible for Editor in 3.07 ms, found 1 plugins.
Preloading 0 native plugins for Editor in 0.00 ms.
Unloading 1855 Unused Serialized files (Serialized files now loaded: 0)
System memory in use before: 88.3 MB.
System memory in use after: 88.4 MB.

Unloading 7 unused Assets to reduce memory usage. Loaded Objects now: 2319.
Total: 3.225100 ms (FindLiveObjects: 0.424300 ms CreateObjectMapping: 0.190000 ms MarkObjects: 2.556900 ms  DeleteObjects: 0.052200 ms)

AssetImportParameters requested are different than current active one (requested -> active):
  custom:graphics/normal-map-encoding: 01000000000000000000000000000000 -> 02000000000000000000000000000000
========================================================================
Received Import Request.
  Time since last request: 360.138015 seconds.
  path: Assets/TD2D/Scenes/LevelUI.unity
  artifactKey: Guid(8ca8f9103c73573439f527a089736662) Importer(815301076,1909f56bfc062723c751e8b465ee728b)
Start importing Assets/TD2D/Scenes/LevelUI.unity using Guid(8ca8f9103c73573439f527a089736662) Importer(815301076,1909f56bfc062723c751e8b465ee728b)  -> (artifact id: 'aa200e9a96d12fd06ff20ec509c29f7c') in 0.015633 seconds
  Import took 0.032569 seconds .

========================================================================
Received Prepare
Registering precompiled user dll's ...
Registered in 0.001263 seconds.
Begin MonoManager ReloadAssembly
Native extension for WindowsStandalone target not found
Refreshing native plugins compatible for Editor in 0.49 ms, found 1 plugins.
Preloading 0 native plugins for Editor in 0.00 ms.
Mono: successfully reloaded assembly
- Completed reload, in  1.074 seconds
Platform modules already initialized, skipping
Switching build target platform(5) subTarget(0) extendedPlatform(0) -> platform(13) subTarget(537395200) extendedPlatform(0)
Refreshing native plugins compatible for Editor in 0.67 ms, found 1 plugins.
Preloading 0 native plugins for Editor in 0.00 ms.
Unloading 1855 Unused Serialized files (Serialized files now loaded: 0)
System memory in use before: 88.3 MB.
System memory in use after: 88.4 MB.

Unloading 7 unused Assets to reduce memory usage. Loaded Objects now: 2323.
Total: 3.451200 ms (FindLiveObjects: 0.469400 ms CreateObjectMapping: 0.286100 ms MarkObjects: 2.643800 ms  DeleteObjects: 0.050300 ms)

AssetImportParameters requested are different than current active one (requested -> active):
  custom:graphics/normal-map-encoding: 01000000000000000000000000000000 -> 02000000000000000000000000000000
========================================================================
Received Import Request.
  Time since last request: 223.397614 seconds.
  path: Assets/TD2D/Scenes/LevelUI.unity
  artifactKey: Guid(8ca8f9103c73573439f527a089736662) Importer(815301076,1909f56bfc062723c751e8b465ee728b)
Start importing Assets/TD2D/Scenes/LevelUI.unity using Guid(8ca8f9103c73573439f527a089736662) Importer(815301076,1909f56bfc062723c751e8b465ee728b)  -> (artifact id: 'ffcf6d2a046c572bb4b04ccd8fba7519') in 0.021428 seconds
  Import took 0.026297 seconds .

========================================================================
Received Prepare
Registering precompiled user dll's ...
Registered in 0.002148 seconds.
Begin MonoManager ReloadAssembly
Native extension for WindowsStandalone target not found
Refreshing native plugins compatible for Editor in 0.52 ms, found 1 plugins.
Preloading 0 native plugins for Editor in 0.00 ms.
Mono: successfully reloaded assembly
- Completed reload, in  1.107 seconds
Platform modules already initialized, skipping
Switching build target platform(5) subTarget(0) extendedPlatform(0) -> platform(13) subTarget(537395200) extendedPlatform(0)
Refreshing native plugins compatible for Editor in 0.50 ms, found 1 plugins.
Preloading 0 native plugins for Editor in 0.00 ms.
Unloading 1855 Unused Serialized files (Serialized files now loaded: 0)
System memory in use before: 88.3 MB.
System memory in use after: 88.4 MB.

Unloading 7 unused Assets to reduce memory usage. Loaded Objects now: 2327.
Total: 2.884500 ms (FindLiveObjects: 0.362600 ms CreateObjectMapping: 0.206700 ms MarkObjects: 2.282000 ms  DeleteObjects: 0.031600 ms)

AssetImportParameters requested are different than current active one (requested -> active):
  custom:graphics/normal-map-encoding: 01000000000000000000000000000000 -> 02000000000000000000000000000000
========================================================================
Received Prepare
Registering precompiled user dll's ...
Registered in 0.001215 seconds.
Begin MonoManager ReloadAssembly
Native extension for WindowsStandalone target not found
Refreshing native plugins compatible for Editor in 0.65 ms, found 1 plugins.
Preloading 0 native plugins for Editor in 0.00 ms.
Mono: successfully reloaded assembly
- Completed reload, in  1.081 seconds
Platform modules already initialized, skipping
Switching build target platform(5) subTarget(0) extendedPlatform(0) -> platform(13) subTarget(537395200) extendedPlatform(0)
Refreshing native plugins compatible for Editor in 0.58 ms, found 1 plugins.
Preloading 0 native plugins for Editor in 0.00 ms.
Unloading 1855 Unused Serialized files (Serialized files now loaded: 0)
System memory in use before: 88.3 MB.
System memory in use after: 88.4 MB.

Unloading 7 unused Assets to reduce memory usage. Loaded Objects now: 2331.
Total: 2.785100 ms (FindLiveObjects: 0.267700 ms CreateObjectMapping: 0.157700 ms MarkObjects: 2.321900 ms  DeleteObjects: 0.036400 ms)

AssetImportParameters requested are different than current active one (requested -> active):
  custom:graphics/normal-map-encoding: 01000000000000000000000000000000 -> 02000000000000000000000000000000
========================================================================
Received Import Request.
  Time since last request: 40.155227 seconds.
  path: Assets/TD2D/Scenes/LevelUI.unity
  artifactKey: Guid(8ca8f9103c73573439f527a089736662) Importer(815301076,1909f56bfc062723c751e8b465ee728b)
Start importing Assets/TD2D/Scenes/LevelUI.unity using Guid(8ca8f9103c73573439f527a089736662) Importer(815301076,1909f56bfc062723c751e8b465ee728b)  -> (artifact id: 'bdc4a14956844590fe4645c3e0b1aac7') in 0.020692 seconds
  Import took 0.024977 seconds .

========================================================================
Received Prepare
Registering precompiled user dll's ...
Registered in 0.001579 seconds.
Begin MonoManager ReloadAssembly
Native extension for WindowsStandalone target not found
Refreshing native plugins compatible for Editor in 0.52 ms, found 1 plugins.
Preloading 0 native plugins for Editor in 0.00 ms.
Mono: successfully reloaded assembly
- Completed reload, in  1.115 seconds
Platform modules already initialized, skipping
Switching build target platform(5) subTarget(0) extendedPlatform(0) -> platform(13) subTarget(537395200) extendedPlatform(0)
Refreshing native plugins compatible for Editor in 0.47 ms, found 1 plugins.
Preloading 0 native plugins for Editor in 0.00 ms.
Unloading 1855 Unused Serialized files (Serialized files now loaded: 0)
System memory in use before: 88.3 MB.
System memory in use after: 88.5 MB.

Unloading 7 unused Assets to reduce memory usage. Loaded Objects now: 2335.
Total: 2.701600 ms (FindLiveObjects: 0.263800 ms CreateObjectMapping: 0.160400 ms MarkObjects: 2.244300 ms  DeleteObjects: 0.031000 ms)

AssetImportParameters requested are different than current active one (requested -> active):
  custom:graphics/normal-map-encoding: 01000000000000000000000000000000 -> 02000000000000000000000000000000
========================================================================
Received Import Request.
  Time since last request: 130.318343 seconds.
  path: Assets/TD2D/Scenes/LevelUI.unity
  artifactKey: Guid(8ca8f9103c73573439f527a089736662) Importer(815301076,1909f56bfc062723c751e8b465ee728b)
Start importing Assets/TD2D/Scenes/LevelUI.unity using Guid(8ca8f9103c73573439f527a089736662) Importer(815301076,1909f56bfc062723c751e8b465ee728b)  -> (artifact id: 'e636a09425a4e6ddf105bf4284eb673b') in 0.018836 seconds
  Import took 0.030618 seconds .

========================================================================
Received Prepare
Registering precompiled user dll's ...
Registered in 0.001507 seconds.
Begin MonoManager ReloadAssembly
Native extension for WindowsStandalone target not found
Refreshing native plugins compatible for Editor in 0.47 ms, found 1 plugins.
Preloading 0 native plugins for Editor in 0.00 ms.
Mono: successfully reloaded assembly
- Completed reload, in  1.107 seconds
Platform modules already initialized, skipping
Switching build target platform(5) subTarget(0) extendedPlatform(0) -> platform(13) subTarget(537395200) extendedPlatform(0)
Refreshing native plugins compatible for Editor in 0.47 ms, found 1 plugins.
Preloading 0 native plugins for Editor in 0.00 ms.
Unloading 1855 Unused Serialized files (Serialized files now loaded: 0)
System memory in use before: 88.4 MB.
System memory in use after: 88.5 MB.

Unloading 7 unused Assets to reduce memory usage. Loaded Objects now: 2339.
Total: 3.023100 ms (FindLiveObjects: 0.553500 ms CreateObjectMapping: 0.162900 ms MarkObjects: 2.254900 ms  DeleteObjects: 0.050500 ms)

AssetImportParameters requested are different than current active one (requested -> active):
  custom:graphics/normal-map-encoding: 01000000000000000000000000000000 -> 02000000000000000000000000000000
========================================================================
Received Prepare
Registering precompiled user dll's ...
Registered in 0.001247 seconds.
Begin MonoManager ReloadAssembly
Native extension for WindowsStandalone target not found
Refreshing native plugins compatible for Editor in 0.63 ms, found 1 plugins.
Preloading 0 native plugins for Editor in 0.00 ms.
Mono: successfully reloaded assembly
- Completed reload, in  1.165 seconds
Platform modules already initialized, skipping
Switching build target platform(5) subTarget(0) extendedPlatform(0) -> platform(13) subTarget(537395200) extendedPlatform(0)
Refreshing native plugins compatible for Editor in 0.47 ms, found 1 plugins.
Preloading 0 native plugins for Editor in 0.00 ms.
Unloading 1855 Unused Serialized files (Serialized files now loaded: 0)
System memory in use before: 88.4 MB.
System memory in use after: 88.5 MB.

Unloading 7 unused Assets to reduce memory usage. Loaded Objects now: 2343.
Total: 2.745800 ms (FindLiveObjects: 0.291900 ms CreateObjectMapping: 0.200400 ms MarkObjects: 2.220100 ms  DeleteObjects: 0.032000 ms)

AssetImportParameters requested are different than current active one (requested -> active):
  custom:graphics/normal-map-encoding: 01000000000000000000000000000000 -> 02000000000000000000000000000000
========================================================================
Received Import Request.
  Time since last request: 300.009166 seconds.
  path: Assets/TD2D/Scenes/LevelUI.unity
  artifactKey: Guid(8ca8f9103c73573439f527a089736662) Importer(815301076,1909f56bfc062723c751e8b465ee728b)
Start importing Assets/TD2D/Scenes/LevelUI.unity using Guid(8ca8f9103c73573439f527a089736662) Importer(815301076,1909f56bfc062723c751e8b465ee728b)  -> (artifact id: 'f1575620dceafe06dfec4416d23faab5') in 0.035880 seconds
  Import took 0.040932 seconds .

========================================================================
Received Import Request.
  Time since last request: 230.623077 seconds.
  path: Assets/TD2D/Scripts/Towers/Tower.cs
  artifactKey: Guid(ba33cca33c8d878418c27b60fc74df69) Importer(815301076,1909f56bfc062723c751e8b465ee728b)
Start importing Assets/TD2D/Scripts/Towers/Tower.cs using Guid(ba33cca33c8d878418c27b60fc74df69) Importer(815301076,1909f56bfc062723c751e8b465ee728b)  -> (artifact id: '7d866183a434eea23e1615611d6e0901') in 0.003422 seconds
  Import took 0.007375 seconds .

========================================================================
Received Import Request.
  Time since last request: 0.003657 seconds.
  path: Assets/TD2D/Scripts/Towers/Tower.cs
  artifactKey: Guid(ba33cca33c8d878418c27b60fc74df69) Importer(815301076,1909f56bfc062723c751e8b465ee728b)
Start importing Assets/TD2D/Scripts/Towers/Tower.cs using Guid(ba33cca33c8d878418c27b60fc74df69) Importer(815301076,1909f56bfc062723c751e8b465ee728b)  -> (artifact id: '7d866183a434eea23e1615611d6e0901') in 0.003939 seconds
  Import took 0.009591 seconds .

========================================================================
Received Prepare
Registering precompiled user dll's ...
Registered in 0.001094 seconds.
Begin MonoManager ReloadAssembly
Native extension for WindowsStandalone target not found
Refreshing native plugins compatible for Editor in 0.49 ms, found 1 plugins.
Preloading 0 native plugins for Editor in 0.00 ms.
Mono: successfully reloaded assembly
- Completed reload, in  1.089 seconds
Platform modules already initialized, skipping
Switching build target platform(5) subTarget(0) extendedPlatform(0) -> platform(13) subTarget(537395200) extendedPlatform(0)
Refreshing native plugins compatible for Editor in 0.50 ms, found 1 plugins.
Preloading 0 native plugins for Editor in 0.00 ms.
Unloading 1855 Unused Serialized files (Serialized files now loaded: 0)
System memory in use before: 88.4 MB.
System memory in use after: 88.5 MB.

Unloading 7 unused Assets to reduce memory usage. Loaded Objects now: 2347.
Total: 3.115400 ms (FindLiveObjects: 0.352800 ms CreateObjectMapping: 0.214600 ms MarkObjects: 2.523200 ms  DeleteObjects: 0.022600 ms)

AssetImportParameters requested are different than current active one (requested -> active):
  custom:graphics/normal-map-encoding: 01000000000000000000000000000000 -> 02000000000000000000000000000000
========================================================================
Received Prepare
Registering precompiled user dll's ...
Registered in 0.001145 seconds.
Begin MonoManager ReloadAssembly
Native extension for WindowsStandalone target not found
Refreshing native plugins compatible for Editor in 0.51 ms, found 1 plugins.
Preloading 0 native plugins for Editor in 0.00 ms.
Mono: successfully reloaded assembly
- Completed reload, in  1.077 seconds
Platform modules already initialized, skipping
Switching build target platform(5) subTarget(0) extendedPlatform(0) -> platform(13) subTarget(537395200) extendedPlatform(0)
Refreshing native plugins compatible for Editor in 0.49 ms, found 1 plugins.
Preloading 0 native plugins for Editor in 0.00 ms.
Unloading 1855 Unused Serialized files (Serialized files now loaded: 0)
System memory in use before: 88.4 MB.
System memory in use after: 88.5 MB.

Unloading 7 unused Assets to reduce memory usage. Loaded Objects now: 2351.
Total: 2.787000 ms (FindLiveObjects: 0.297900 ms CreateObjectMapping: 0.188700 ms MarkObjects: 2.277100 ms  DeleteObjects: 0.021500 ms)

AssetImportParameters requested are different than current active one (requested -> active):
  custom:graphics/normal-map-encoding: 01000000000000000000000000000000 -> 02000000000000000000000000000000
========================================================================
Received Import Request.
  Time since last request: 514.215139 seconds.
  path: Assets/TD2D/Scenes/LevelUI.unity
  artifactKey: Guid(8ca8f9103c73573439f527a089736662) Importer(815301076,1909f56bfc062723c751e8b465ee728b)
Start importing Assets/TD2D/Scenes/LevelUI.unity using Guid(8ca8f9103c73573439f527a089736662) Importer(815301076,1909f56bfc062723c751e8b465ee728b)  -> (artifact id: '8aaec9cc149513a2f7202199fa0853e5') in 0.019126 seconds
  Import took 0.023703 seconds .

========================================================================
Received Prepare
Registering precompiled user dll's ...
Registered in 0.001232 seconds.
Begin MonoManager ReloadAssembly
Native extension for WindowsStandalone target not found
Refreshing native plugins compatible for Editor in 0.48 ms, found 1 plugins.
Preloading 0 native plugins for Editor in 0.00 ms.
Mono: successfully reloaded assembly
- Completed reload, in  1.110 seconds
Platform modules already initialized, skipping
Switching build target platform(5) subTarget(0) extendedPlatform(0) -> platform(13) subTarget(537395200) extendedPlatform(0)
Refreshing native plugins compatible for Editor in 0.56 ms, found 1 plugins.
Preloading 0 native plugins for Editor in 0.00 ms.
Unloading 1855 Unused Serialized files (Serialized files now loaded: 0)
System memory in use before: 88.4 MB.
System memory in use after: 88.5 MB.

Unloading 7 unused Assets to reduce memory usage. Loaded Objects now: 2355.
Total: 3.573700 ms (FindLiveObjects: 0.582100 ms CreateObjectMapping: 0.362500 ms MarkObjects: 2.576000 ms  DeleteObjects: 0.051700 ms)

AssetImportParameters requested are different than current active one (requested -> active):
  custom:graphics/normal-map-encoding: 01000000000000000000000000000000 -> 02000000000000000000000000000000
AssetImportWorkerClient::OnTransportError - code=2 error=End of file
